<?xml version='1.0' encoding='UTF-8'?>
<testsuite hostname="trout" name="flexbe.FlexBESpec" tests="6" errors="0" failures="0" skipped="0" time="3.119" timestamp="2026-08-22T17:50:31">
          <properties>
[...]
</properties>
          <testcase classname="flexbe.FlexBESpec" name="bsm should match the Python golden table for N=16, m=2" time="0.025">
                      
                    </testcase><testcase classname="flexbe.FlexBESpec" name="bsm should agree with the Python model over the full 15-bit range, m=5" time="0.026">
                      
                    </testcase><testcase classname="flexbe.FlexBESpec" name="SubsetPerm should match the Python subset permutations for P=4" time="0.004">
                      
                    </testcase><testcase classname="flexbe.FlexBESpec" name="PRS read map should reproduce read_map(R,S) for every R,S" time="0.003">
                      
                    </testcase><testcase classname="flexbe.FlexBESpec" name="CycleControl should reproduce the full 16-point golden trace" time="0.004">
                      
                    </testcase><testcase classname="flexbe.FlexBESpec" name="The RTL should elaborate without error" time="3.057">
                      
                    </testcase>
          <system-out><![CDATA[]]></system-out>
          <system-err><![CDATA[]]></system-err>
        </testsuite>