<?xml version='1.0' encoding='UTF-8'?>
<testsuite hostname="PHWL-M4MBA.local" name="flexbe.FlexBESpec" tests="6" errors="0" failures="0" skipped="0" time="0.662" timestamp="2026-08-22T15:45:22">
          <properties>
[...]
</properties>
          <testcase classname="flexbe.FlexBESpec" name="bsm should match the Python golden table for N=16, m=2" time="0.008">
                      
                    </testcase><testcase classname="flexbe.FlexBESpec" name="bsm should agree with the Python model over the full 15-bit range, m=5" time="0.005">
                      
                    </testcase><testcase classname="flexbe.FlexBESpec" name="SubsetPerm should match the Python subset permutations for P=4" time="0.001">
                      
                    </testcase><testcase classname="flexbe.FlexBESpec" name="PRS read map should reproduce read_map(R,S) for every R,S" time="0.0">
                      
                    </testcase><testcase classname="flexbe.FlexBESpec" name="CycleControl should reproduce the full 16-point golden trace" time="0.001">
                      
                    </testcase><testcase classname="flexbe.FlexBESpec" name="The RTL should elaborate without error" time="0.647">
                      
                    </testcase>
          <system-out><![CDATA[]]></system-out>
          <system-err><![CDATA[]]></system-err>
        </testsuite>